<?xml version="1.0" encoding="UTF-8"?>
<testsuite xmlns:xsi="http://www.w3.org/2001/XMLSchema-instance" xsi:noNamespaceSchemaLocation="https://maven.apache.org/surefire/maven-surefire-plugin/xsd/surefire-test-report.xsd" version="3.0.2" name="com.microservices.twitter.to.kafka.service.TwitterToKafkaApplicationTest" time="3.448" tests="1" errors="0" skipped="0" failures="0">
  <properties>
[...]
</properties>
  <testcase name="contextLoad" classname="com.microservices.twitter.to.kafka.service.TwitterToKafkaApplicationTest" time="1.235">
    <system-out><![CDATA[09:50:41,925 |-INFO in ch.qos.logback.classic.LoggerContext[default] - This is logback-classic version 1.5.18
09:50:41,928 |-INFO in ch.qos.logback.classic.util.ContextInitializer@55c53a33 - Here is a list of configurators discovered as a service, by rank: 
09:50:41,928 |-INFO in ch.qos.logback.classic.util.ContextInitializer@55c53a33 -   org.springframework.boot.logging.logback.RootLogLevelConfigurator
09:50:41,928 |-INFO in ch.qos.logback.classic.util.ContextInitializer@55c53a33 - They will be invoked in order until ExecutionStatus.DO_NOT_INVOKE_NEXT_IF_ANY is returned.
09:50:41,928 |-INFO in ch.qos.logback.classic.util.ContextInitializer@55c53a33 - Constructed configurator of type class org.springframework.boot.logging.logback.RootLogLevelConfigurator
09:50:41,940 |-INFO in ch.qos.logback.classic.util.ContextInitializer@55c53a33 - org.springframework.boot.logging.logback.RootLogLevelConfigurator.configure() call lasted 0 milliseconds. ExecutionStatus=INVOKE_NEXT_IF_ANY
09:50:41,940 |-INFO in ch.qos.logback.classic.util.ContextInitializer@55c53a33 - Trying to configure with ch.qos.logback.classic.joran.SerializedModelConfigurator
09:50:41,941 |-INFO in ch.qos.logback.classic.util.ContextInitializer@55c53a33 - Constructed configurator of type class ch.qos.logback.classic.joran.SerializedModelConfigurator
09:50:41,944 |-INFO in ch.qos.logback.classic.LoggerContext[default] - Could NOT find resource [logback-test.scmo]
09:50:41,944 |-INFO in ch.qos.logback.classic.LoggerContext[default] - Could NOT find resource [logback.scmo]
09:50:41,944 |-INFO in ch.qos.logback.classic.util.ContextInitializer@55c53a33 - ch.qos.logback.classic.joran.SerializedModelConfigurator.configure() call lasted 3 milliseconds. ExecutionStatus=INVOKE_NEXT_IF_ANY
09:50:41,944 |-INFO in ch.qos.logback.classic.util.ContextInitializer@55c53a33 - Trying to configure with ch.qos.logback.classic.util.DefaultJoranConfigurator
09:50:41,945 |-INFO in ch.qos.logback.classic.util.ContextInitializer@55c53a33 - Constructed configurator of type class ch.qos.logback.classic.util.DefaultJoranConfigurator
09:50:41,945 |-INFO in ch.qos.logback.classic.LoggerContext[default] - Could NOT find resource [logback-test.xml]
09:50:41,950 |-INFO in ch.qos.logback.classic.LoggerContext[default] - Found resource [logback.xml] at [file:/Users/aouidetoussama/workspace_event-driven-design/twitter-to-kafka-service/target/classes/logback.xml]
09:50:42,130 |-WARN in ch.qos.logback.core.model.processor.ImplicitModelHandler - Ignoring unknown property [springProperty] in [ch.qos.logback.classic.LoggerContext]
09:50:42,137 |-INFO in ch.qos.logback.core.model.processor.ModelInterpretationContext@53b7f657 - value "./logs/application.log" substituted for "${LOG_PATH:-./logs}/application.log"
09:50:42,141 |-INFO in ch.qos.logback.classic.model.processor.ConfigurationModelHandlerFull - Registering a new ReconfigureOnChangeTask ReconfigureOnChangeTask(born:1746777042139)
09:50:42,146 |-INFO in ch.qos.logback.classic.model.processor.ConfigurationModelHandlerFull - Will scan for changes in [ConfigurationWatchList(mainURL=file:/Users/aouidetoussama/workspace_event-driven-design/twitter-to-kafka-service/target/classes/logback.xml, fileWatchList={/Users/aouidetoussama/workspace_event-driven-design/twitter-to-kafka-service/target/classes/logback.xml}, urlWatchList=[})] 
09:50:42,146 |-INFO in ch.qos.logback.classic.model.processor.ConfigurationModelHandlerFull - Setting ReconfigureOnChangeTask scanning period to 30 seconds
09:50:42,151 |-INFO in ch.qos.logback.core.model.processor.AppenderModelHandler - Processing appender named [CONSOLE]
09:50:42,151 |-INFO in ch.qos.logback.core.model.processor.AppenderModelHandler - About to instantiate appender of type [ch.qos.logback.core.ConsoleAppender]
09:50:42,154 |-INFO in ch.qos.logback.core.model.processor.ImplicitModelHandler - Assuming default type [ch.qos.logback.classic.encoder.PatternLayoutEncoder] for [encoder] property
09:50:42,214 |-INFO in ch.qos.logback.core.ConsoleAppender[CONSOLE] - BEWARE: Writing to the console can be very slow. Avoid logging to the 
09:50:42,214 |-INFO in ch.qos.logback.core.ConsoleAppender[CONSOLE] - console in production environments, especially in high volume systems.
09:50:42,214 |-INFO in ch.qos.logback.core.ConsoleAppender[CONSOLE] - See also https://logback.qos.ch/codes.html#slowConsole
09:50:42,214 |-INFO in ch.qos.logback.core.model.processor.AppenderModelHandler - Processing appender named [FILE]
09:50:42,214 |-INFO in ch.qos.logback.core.model.processor.AppenderModelHandler - About to instantiate appender of type [ch.qos.logback.core.rolling.RollingFileAppender]
09:50:42,218 |-INFO in ch.qos.logback.core.model.processor.ModelInterpretationContext@53b7f657 - value "./twitter-to-kafka-service/logs/twitter-to-kafka-service" substituted for "${DEV_HOME}/${APP_NAME}"
09:50:42,222 |-INFO in ch.qos.logback.core.model.processor.ModelInterpretationContext@53b7f657 - value "./twitter-to-kafka-service/logs/archived/twitter-to-kafka-service-log.%d{yyyy-MM-dd}.gz" substituted for "${DEV_HOME}/archived/${APP_NAME}-log.%d{yyyy-MM-dd}.gz"
09:50:42,227 |-INFO in c.q.l.core.rolling.TimeBasedRollingPolicy@2038105753 - Will use gz compression
09:50:42,233 |-INFO in c.q.l.core.rolling.TimeBasedRollingPolicy@2038105753 - Will use the pattern ./twitter-to-kafka-service/logs/archived/twitter-to-kafka-service-log.%d{yyyy-MM-dd} for the active file
09:50:42,265 |-INFO in c.q.l.core.rolling.DefaultTimeBasedFileNamingAndTriggeringPolicy - The date pattern is 'yyyy-MM-dd' from file name pattern './twitter-to-kafka-service/logs/archived/twitter-to-kafka-service-log.%d{yyyy-MM-dd}.gz'.
09:50:42,265 |-INFO in c.q.l.core.rolling.DefaultTimeBasedFileNamingAndTriggeringPolicy - Roll-over at midnight.
09:50:42,274 |-INFO in c.q.l.core.rolling.DefaultTimeBasedFileNamingAndTriggeringPolicy - Setting initial period to 2025-05-09T07:50:42.274Z
09:50:42,276 |-INFO in ch.qos.logback.core.model.processor.ImplicitModelHandler - Assuming default type [ch.qos.logback.classic.encoder.PatternLayoutEncoder] for [encoder] property
09:50:42,278 |-INFO in ch.qos.logback.core.rolling.RollingFileAppender[FILE] - Active log file name: ./twitter-to-kafka-service/logs/twitter-to-kafka-service
09:50:42,278 |-INFO in ch.qos.logback.core.rolling.RollingFileAppender[FILE] - File property is set to [./twitter-to-kafka-service/logs/twitter-to-kafka-service]
09:50:42,279 |-INFO in ch.qos.logback.classic.model.processor.RootLoggerModelHandler - Setting level of ROOT logger to INFO
09:50:42,280 |-INFO in ch.qos.logback.core.model.processor.AppenderRefModelHandler - Attaching appender named [CONSOLE] to Logger[ROOT]
09:50:42,280 |-INFO in ch.qos.logback.core.model.processor.AppenderRefModelHandler - Attaching appender named [FILE] to Logger[ROOT]
09:50:42,281 |-INFO in ch.qos.logback.classic.model.processor.LoggerModelHandler - Setting level of logger [org.springframework] to INFO
09:50:42,281 |-INFO in ch.qos.logback.classic.model.processor.LoggerModelHandler - Setting level of logger [com.microservices.twitter.to.kafka] to INFO
09:50:42,281 |-INFO in ch.qos.logback.core.model.processor.DefaultProcessor@5a37d3ed - End of configuration.
09:50:42,282 |-INFO in ch.qos.logback.classic.joran.JoranConfigurator@26df6e3a - Registering current configuration as safe fallback point
09:50:42,282 |-INFO in ch.qos.logback.classic.util.ContextInitializer@55c53a33 - ch.qos.logback.classic.util.DefaultJoranConfigurator.configure() call lasted 337 milliseconds. ExecutionStatus=DO_NOT_INVOKE_NEXT_IF_ANY

2025-05-09 09:50:42 INFO  [main] o.s.t.c.s.AnnotationConfigContextLoaderUtils - Could not detect default configuration classes for test class [com.microservices.twitter.to.kafka.service.TwitterToKafkaApplicationTest]: TwitterToKafkaApplicationTest does not declare any static, non-private, non-final, nested classes annotated with @Configuration.
2025-05-09 09:50:42 INFO  [main] o.s.b.t.c.SpringBootTestContextBootstrapper - Found @SpringBootConfiguration com.microservices.twitter.to.kafka.service.TwitterToKafkaApplication for test class com.microservices.twitter.to.kafka.service.TwitterToKafkaApplicationTest

  .   ____          _            __ _ _
 /\\ / ___'_ __ _ _(_)_ __  __ _ \ \ \ \
( ( )\___ | '_ | '_| | '_ \/ _` | \ \ \ \
 \\/  ___)| |_)| | | | | || (_| |  ) ) ) )
  '  |____| .__|_| |_|_| |_\__, | / / / /
 =========|_|==============|___/=/_/_/_/

 :: Spring Boot ::                (v3.4.5)

2025-05-09 09:50:43 INFO  [main] c.m.t.t.k.s.TwitterToKafkaApplicationTest - Starting TwitterToKafkaApplicationTest using Java 22.0.1 with PID 10432 (started by aouidetoussama in /Users/aouidetoussama/workspace_event-driven-design/twitter-to-kafka-service)
2025-05-09 09:50:43 INFO  [main] c.m.t.t.k.s.TwitterToKafkaApplicationTest - No active profile set, falling back to 1 default profile: "default"
2025-05-09 09:50:44 INFO  [main] c.m.t.t.k.s.TwitterToKafkaApplicationTest - Started TwitterToKafkaApplicationTest in 1.205 seconds (process running for 3.137)
2025-05-09 09:50:44 INFO  [main] c.m.t.t.k.s.TwitterToKafkaApplication - App Starting
2025-05-09 09:50:44 INFO  [main] c.m.t.t.k.s.TwitterToKafkaApplication - [Java, Microservices, Spring, Kafka, ElasticSearch]
]]></system-out>
    <system-err><![CDATA[Mockito is currently self-attaching to enable the inline-mock-maker. This will no longer work in future releases of the JDK. Please add Mockito as an agent to your build what is described in Mockito's documentation: https://javadoc.io/doc/org.mockito/mockito-core/latest/org/mockito/Mockito.html#0.3
WARNING: A Java agent has been loaded dynamically (/Users/aouidetoussama/.m2/repository/net/bytebuddy/byte-buddy-agent/1.15.11/byte-buddy-agent-1.15.11.jar)
WARNING: If a serviceability tool is in use, please run with -XX:+EnableDynamicAgentLoading to hide this warning
WARNING: If a serviceability tool is not in use, please run with -Djdk.instrument.traceUsage for more information
WARNING: Dynamic loading of agents will be disallowed by default in a future release
]]></system-err>
  </testcase>
</testsuite>